17:59:19.921 [com.mypass.Main.main()] INFO  com.mypass.Password - Username not found: lol
18:50:50.086 [com.mypass.Main.main()] INFO  com.mypass.Password - Successful login: User 'barbara' logged in
19:33:05.024 [com.mypass.Main.main()] INFO  com.mypass.Password - Successful login: User 'barbara' logged in
19:56:46.738 [com.mypass.Main.main()] INFO  com.mypass.Password - Successful login: User 'barbara' logged in
20:06:46.285 [com.mypass.Main.main()] INFO  com.mypass.Password - Username not found: barbar
20:11:54.722 [com.mypass.Main.main()] INFO  com.mypass.Password - Username not found: bar
20:13:58.072 [com.mypass.Main.main()] INFO  com.mypass.Password - Username not found: barb
20:14:07.294 [com.mypass.Main.main()] INFO  com.mypass.Password - Successful login: User 'barbara' logged in
20:18:40.961 [com.mypass.Main.main()] INFO  com.mypass.Password - Successful login: User 'barbara' logged in
20:21:15.000 [com.mypass.Main.main()] INFO  com.mypass.Password - Successful login: User 'barbara' logged in
20:32:47.612 [com.mypass.Main.main()] INFO  com.mypass.Password - Successful login: User 'barbara' logged in
20:34:13.861 [com.mypass.Main.main()] INFO  com.mypass.Password - Successful login: User 'barbara' logged in
20:45:21.709 [com.mypass.Main.main()] INFO  com.mypass.Password - Successful login: User 'barbara' logged in
21:12:10.455 [com.mypass.Main.main()] INFO  com.mypass.Password - Successful login: User 'barbara' logged in
22:05:06.450 [com.mypass.Main.main()] INFO  com.mypass.Password - Username not found: denyss
22:56:16.770 [com.mypass.Main.main()] INFO  com.mypass.Password - Successful login: User 'denyss' logged in
23:04:49.136 [com.mypass.Main.main()] INFO  com.mypass.Password - Successful login: User 'denyss' logged in
23:04:56.928 [com.mypass.Main.main()] ERROR com.mypass.PasswordManagerCLI - Contrasena ingresada no valida
java.lang.IllegalArgumentException: Contrasena debe tener al menos 8 caracteres.
	at com.mypass.PasswordManagerCLI.validatePasswordString(PasswordManagerCLI.java:76) [classes/:?]
	at com.mypass.PasswordManagerCLI.processAddPassword(PasswordManagerCLI.java:119) [classes/:?]
	at com.mypass.PasswordManagerCLI.processCommands(PasswordManagerCLI.java:35) [classes/:?]
	at com.mypass.Main.main(Main.java:54) [classes/:?]
	at org.codehaus.mojo.exec.ExecJavaMojo$1.run(ExecJavaMojo.java:254) [exec-maven-plugin-3.0.0.jar:?]
	at java.lang.Thread.run(Thread.java:833) [?:?]
23:28:18.291 [com.mypass.Main.main()] INFO  com.mypass.Password - Successful login: User 'denyss' logged in
23:28:36.857 [com.mypass.Main.main()] ERROR com.mypass.PasswordManagerCLI - Contrasena ingresada no valida
java.lang.IllegalArgumentException: Contrasena debe tener al menos 8 caracteres.
	at com.mypass.PasswordManagerCLI.validatePasswordString(PasswordManagerCLI.java:76) [classes/:?]
	at com.mypass.PasswordManagerCLI.processAddPassword(PasswordManagerCLI.java:134) [classes/:?]
	at com.mypass.PasswordManagerCLI.processCommands(PasswordManagerCLI.java:35) [classes/:?]
	at com.mypass.Main.main(Main.java:54) [classes/:?]
	at org.codehaus.mojo.exec.ExecJavaMojo$1.run(ExecJavaMojo.java:254) [exec-maven-plugin-3.0.0.jar:?]
	at java.lang.Thread.run(Thread.java:833) [?:?]
23:28:42.485 [com.mypass.Main.main()] ERROR com.mypass.PasswordManagerCLI - Contrasena ingresada no valida
java.lang.IllegalArgumentException: Contrasena debe contener al menos un numero.
	at com.mypass.PasswordManagerCLI.validatePasswordString(PasswordManagerCLI.java:94) [classes/:?]
	at com.mypass.PasswordManagerCLI.processAddPassword(PasswordManagerCLI.java:134) [classes/:?]
	at com.mypass.PasswordManagerCLI.processCommands(PasswordManagerCLI.java:35) [classes/:?]
	at com.mypass.Main.main(Main.java:54) [classes/:?]
	at org.codehaus.mojo.exec.ExecJavaMojo$1.run(ExecJavaMojo.java:254) [exec-maven-plugin-3.0.0.jar:?]
	at java.lang.Thread.run(Thread.java:833) [?:?]
23:28:45.416 [com.mypass.Main.main()] ERROR com.mypass.PasswordManagerCLI - Contrasena ingresada no valida
java.lang.IllegalArgumentException: Contrasena debe contener al menos un caracter especial: @#$%^&+=
	at com.mypass.PasswordManagerCLI.validatePasswordString(PasswordManagerCLI.java:97) [classes/:?]
	at com.mypass.PasswordManagerCLI.processAddPassword(PasswordManagerCLI.java:134) [classes/:?]
	at com.mypass.PasswordManagerCLI.processCommands(PasswordManagerCLI.java:35) [classes/:?]
	at com.mypass.Main.main(Main.java:54) [classes/:?]
	at org.codehaus.mojo.exec.ExecJavaMojo$1.run(ExecJavaMojo.java:254) [exec-maven-plugin-3.0.0.jar:?]
	at java.lang.Thread.run(Thread.java:833) [?:?]
23:31:34.561 [com.mypass.Main.main()] ERROR com.mypass.PasswordManagerCLI - Contrasena ingresada no valida
java.lang.IllegalArgumentException: Contrasena debe tener al menos 8 caracteres.
	at com.mypass.PasswordManagerCLI.validatePasswordString(PasswordManagerCLI.java:76) [classes/:?]
	at com.mypass.PasswordManagerCLI.processAddPassword(PasswordManagerCLI.java:134) [classes/:?]
	at com.mypass.PasswordManagerCLI.processCommands(PasswordManagerCLI.java:35) [classes/:?]
	at com.mypass.Main.main(Main.java:54) [classes/:?]
	at org.codehaus.mojo.exec.ExecJavaMojo$1.run(ExecJavaMojo.java:254) [exec-maven-plugin-3.0.0.jar:?]
	at java.lang.Thread.run(Thread.java:833) [?:?]
23:31:40.346 [com.mypass.Main.main()] ERROR com.mypass.PasswordManagerCLI - Contrasena ingresada no valida
java.lang.IllegalArgumentException: Contrasena debe contener solo letras, numeros y los siguientes caracteres especiales: @#$%^&+=
	at com.mypass.PasswordManagerCLI.validatePasswordString(PasswordManagerCLI.java:82) [classes/:?]
	at com.mypass.PasswordManagerCLI.processAddPassword(PasswordManagerCLI.java:134) [classes/:?]
	at com.mypass.PasswordManagerCLI.processCommands(PasswordManagerCLI.java:35) [classes/:?]
	at com.mypass.Main.main(Main.java:54) [classes/:?]
	at org.codehaus.mojo.exec.ExecJavaMojo$1.run(ExecJavaMojo.java:254) [exec-maven-plugin-3.0.0.jar:?]
	at java.lang.Thread.run(Thread.java:833) [?:?]
00:35:20.352 [com.mypass.Main.main()] INFO  com.mypass.Password - Successful login: User 'denyss' logged in
00:35:34.936 [com.mypass.Main.main()] ERROR com.mypass.PasswordManagerCLI - Contrasena ingresada no valida
java.lang.IllegalArgumentException: Contrasena debe tener al menos 8 caracteres.
	at com.mypass.PasswordManagerCLI.validatePasswordString(PasswordManagerCLI.java:123) [classes/:?]
	at com.mypass.PasswordManagerCLI.processAddPassword(PasswordManagerCLI.java:188) [classes/:?]
	at com.mypass.PasswordManagerCLI.processCommands(PasswordManagerCLI.java:82) [classes/:?]
	at com.mypass.Main.main(Main.java:54) [classes/:?]
	at org.codehaus.mojo.exec.ExecJavaMojo$1.run(ExecJavaMojo.java:254) [exec-maven-plugin-3.0.0.jar:?]
	at java.lang.Thread.run(Thread.java:833) [?:?]
00:39:00.536 [com.mypass.Main.main()] INFO  com.mypass.Password - Successful login: User 'denyss' logged in
00:39:19.632 [com.mypass.Main.main()] ERROR com.mypass.PasswordManagerCLI - Contrasena ingresada no valida
java.lang.IllegalArgumentException: Contrasena debe contener solo letras, numeros y los siguientes caracteres especiales: @#$%^&+=
	at com.mypass.PasswordManagerCLI.validatePasswordString(PasswordManagerCLI.java:129) [classes/:?]
	at com.mypass.PasswordManagerCLI.processAddPassword(PasswordManagerCLI.java:188) [classes/:?]
	at com.mypass.PasswordManagerCLI.processCommands(PasswordManagerCLI.java:82) [classes/:?]
	at com.mypass.Main.main(Main.java:54) [classes/:?]
	at org.codehaus.mojo.exec.ExecJavaMojo$1.run(ExecJavaMojo.java:254) [exec-maven-plugin-3.0.0.jar:?]
	at java.lang.Thread.run(Thread.java:833) [?:?]
01:29:42.248 [com.mypass.Main.main()] INFO  com.mypass.Password - Failed login attempt for user: denyss
01:31:11.051 [com.mypass.Main.main()] INFO  com.mypass.Password - Successful login: User 'denyss' logged in
02:01:46.866 [com.mypass.Main.main()] INFO  com.mypass.Password - Successful login: User 'denyss' logged in
02:02:46.381 [com.mypass.Main.main()] ERROR com.mypass.PasswordManagerCLI - Contrasena ingresada no valida
java.lang.IllegalArgumentException: Contrasena debe contener al menos un numero.
	at com.mypass.PasswordManagerCLI.validatePasswordString(PasswordManagerCLI.java:144) [classes/:?]
	at com.mypass.PasswordManagerCLI.processGeneratePassword(PasswordManagerCLI.java:182) [classes/:?]
	at com.mypass.PasswordManagerCLI.processCommands(PasswordManagerCLI.java:85) [classes/:?]
	at com.mypass.Main.main(Main.java:54) [classes/:?]
	at org.codehaus.mojo.exec.ExecJavaMojo$1.run(ExecJavaMojo.java:254) [exec-maven-plugin-3.0.0.jar:?]
	at java.lang.Thread.run(Thread.java:833) [?:?]
02:03:32.486 [com.mypass.Main.main()] INFO  com.mypass.Password - Successful login: User 'denyss' logged in
02:03:38.570 [com.mypass.Main.main()] ERROR com.mypass.PasswordManagerCLI - Contrasena ingresada no valida
java.lang.IllegalArgumentException: Contrasena debe contener al menos un numero.
	at com.mypass.PasswordManagerCLI.validatePasswordString(PasswordManagerCLI.java:144) [classes/:?]
	at com.mypass.PasswordManagerCLI.processGeneratePassword(PasswordManagerCLI.java:182) [classes/:?]
	at com.mypass.PasswordManagerCLI.processCommands(PasswordManagerCLI.java:85) [classes/:?]
	at com.mypass.Main.main(Main.java:54) [classes/:?]
	at org.codehaus.mojo.exec.ExecJavaMojo$1.run(ExecJavaMojo.java:254) [exec-maven-plugin-3.0.0.jar:?]
	at java.lang.Thread.run(Thread.java:833) [?:?]
02:11:09.498 [com.mypass.Main.main()] INFO  com.mypass.Password - Successful login: User 'denyss' logged in
02:36:55.846 [com.mypass.Main.main()] INFO  com.mypass.Password - Successful login: User 'denyss' logged in
02:37:37.209 [com.mypass.Main.main()] ERROR com.mypass.PasswordManagerCLI - Contrasena ingresada no valida
java.lang.IllegalArgumentException: Contrasena debe contener al menos un numero.
	at com.mypass.PasswordManagerCLI.validatePasswordString(PasswordManagerCLI.java:148) [classes/:?]
	at com.mypass.PasswordManagerCLI.processGeneratePassword(PasswordManagerCLI.java:233) [classes/:?]
	at com.mypass.PasswordManagerCLI.processCommands(PasswordManagerCLI.java:89) [classes/:?]
	at com.mypass.Main.main(Main.java:54) [classes/:?]
	at org.codehaus.mojo.exec.ExecJavaMojo$1.run(ExecJavaMojo.java:254) [exec-maven-plugin-3.0.0.jar:?]
	at java.lang.Thread.run(Thread.java:833) [?:?]
02:37:58.370 [com.mypass.Main.main()] INFO  com.mypass.Password - Successful login: User 'denyss' logged in
02:44:06.952 [com.mypass.Main.main()] INFO  com.mypass.Password - Successful login: User 'denyss' logged in
02:44:41.418 [com.mypass.Main.main()] INFO  com.mypass.Password - Successful login: User 'denyss' logged in
02:46:15.634 [com.mypass.Main.main()] INFO  com.mypass.Password - Successful login: User 'denyss' logged in
02:46:53.095 [com.mypass.Main.main()] INFO  com.mypass.Password - Successful login: User 'denyss' logged in
02:49:12.821 [com.mypass.Main.main()] INFO  com.mypass.Password - Successful login: User 'denyss' logged in
02:51:09.212 [com.mypass.Main.main()] INFO  com.mypass.Password - Successful login: User 'denyss' logged in
02:53:42.019 [com.mypass.Main.main()] INFO  com.mypass.Password - Username not found: 
02:53:46.842 [com.mypass.Main.main()] INFO  com.mypass.Password - Successful login: User 'denyss' logged in
23:05:48.612 [com.mypass.Main.main()] INFO  com.mypass.Password - Successful login: User 'denyss' logged in
23:07:03.543 [com.mypass.Main.main()] INFO  com.mypass.Password - Username not found: denyss gato
23:07:09.525 [com.mypass.Main.main()] INFO  com.mypass.Password - Successful login: User 'denyss' logged in
23:08:32.771 [com.mypass.Main.main()] INFO  com.mypass.Password - Successful login: User 'denyss' logged in
23:08:41.725 [com.mypass.Main.main()] ERROR com.mypass.PasswordManagerCLI - Contrasena ingresada no valida
java.lang.IllegalArgumentException: Contrasena debe tener al menos 8 caracteres.
	at com.mypass.PasswordManagerCLI.validatePasswordString(PasswordManagerCLI.java:130) [classes/:?]
	at com.mypass.PasswordManagerCLI.processAddPassword(PasswordManagerCLI.java:298) [classes/:?]
	at com.mypass.PasswordManagerCLI.processCommands(PasswordManagerCLI.java:86) [classes/:?]
	at com.mypass.Main.main(Main.java:54) [classes/:?]
	at org.codehaus.mojo.exec.ExecJavaMojo$1.run(ExecJavaMojo.java:254) [exec-maven-plugin-3.0.0.jar:?]
	at java.lang.Thread.run(Thread.java:833) [?:?]
23:08:45.346 [com.mypass.Main.main()] ERROR com.mypass.PasswordManagerCLI - Contrasena ingresada no valida
java.lang.IllegalArgumentException: Contrasena debe contener al menos un numero.
	at com.mypass.PasswordManagerCLI.validatePasswordString(PasswordManagerCLI.java:148) [classes/:?]
	at com.mypass.PasswordManagerCLI.processAddPassword(PasswordManagerCLI.java:298) [classes/:?]
	at com.mypass.PasswordManagerCLI.processCommands(PasswordManagerCLI.java:86) [classes/:?]
	at com.mypass.Main.main(Main.java:54) [classes/:?]
	at org.codehaus.mojo.exec.ExecJavaMojo$1.run(ExecJavaMojo.java:254) [exec-maven-plugin-3.0.0.jar:?]
	at java.lang.Thread.run(Thread.java:833) [?:?]
23:08:47.931 [com.mypass.Main.main()] ERROR com.mypass.PasswordManagerCLI - Contrasena ingresada no valida
java.lang.IllegalArgumentException: Contrasena debe contener al menos un caracter especial: @#$%^&+=
	at com.mypass.PasswordManagerCLI.validatePasswordString(PasswordManagerCLI.java:151) [classes/:?]
	at com.mypass.PasswordManagerCLI.processAddPassword(PasswordManagerCLI.java:298) [classes/:?]
	at com.mypass.PasswordManagerCLI.processCommands(PasswordManagerCLI.java:86) [classes/:?]
	at com.mypass.Main.main(Main.java:54) [classes/:?]
	at org.codehaus.mojo.exec.ExecJavaMojo$1.run(ExecJavaMojo.java:254) [exec-maven-plugin-3.0.0.jar:?]
	at java.lang.Thread.run(Thread.java:833) [?:?]
23:09:38.410 [com.mypass.Main.main()] INFO  com.mypass.Password - Successful login: User 'denyss' logged in
23:10:01.109 [com.mypass.Main.main()] INFO  com.mypass.Password - Successful login: User 'denyss' logged in
23:15:59.823 [com.mypass.Main.main()] INFO  com.mypass.Password - Successful login: User 'denyss' logged in
23:17:53.060 [com.mypass.Main.main()] INFO  com.mypass.Password - Successful login: User 'denyss' logged in
23:19:18.569 [com.mypass.Main.main()] INFO  com.mypass.Password - Successful login: User 'denyss' logged in
